Determining if the include file pthread.h exists failed with the following output:
Change Dir: C:/kcl/robotics/ros/catkin_ws/build/CMakeFiles/CMakeTmp

Run Build Command(s):nmake /nologo cmTC_727ae\fast && 	"C:\Program Files (x86)\Microsoft Visual Studio\2019\Community\VC\Tools\MSVC\14.24.28314\bin\HostX64\x64\nmake.exe" -f CMakeFiles\cmTC_727ae.dir\build.make /nologo -L                  CMakeFiles\cmTC_727ae.dir\build
Building C object CMakeFiles/cmTC_727ae.dir/CheckIncludeFile.c.obj
	C:\PROGRA~2\MICROS~1\2019\COMMUN~1\VC\Tools\MSVC\1424~1.283\bin\Hostx64\x64\cl.exe @C:\Users\dorit\AppData\Local\Temp\nm21C.tmp
CheckIncludeFile.c
C:\kcl\robotics\ros\catkin_ws\build\CMakeFiles\CMakeTmp\CheckIncludeFile.c(1): fatal error C1083: Cannot open include file: 'pthread.h': No such file or directory
NMAKE : fatal error U1077: 'C:\PROGRA~2\MICROS~1\2019\COMMUN~1\VC\Tools\MSVC\1424~1.283\bin\Hostx64\x64\cl.exe' : return code '0x2'
Stop.
NMAKE : fatal error U1077: '"C:\Program Files (x86)\Microsoft Visual Studio\2019\Community\VC\Tools\MSVC\14.24.28314\bin\HostX64\x64\nmake.exe"' : return code '0x2'
Stop.



Performing C++ SOURCE FILE Test COMPILER_SUPPORTS_CXX11 failed with the following output:
Change Dir: C:/kcl/robotics/ros/catkin_ws/build/CMakeFiles/CMakeTmp

Run Build Command(s):nmake /nologo cmTC_cce60\fast && 	"C:\Program Files (x86)\Microsoft Visual Studio\2019\Community\VC\Tools\MSVC\14.24.28314\bin\HostX64\x64\nmake.exe" -f CMakeFiles\cmTC_cce60.dir\build.make /nologo -L                  CMakeFiles\cmTC_cce60.dir\build
Building CXX object CMakeFiles/cmTC_cce60.dir/src.cxx.obj
	C:\PROGRA~2\MICROS~1\2019\COMMUN~1\VC\Tools\MSVC\1424~1.283\bin\Hostx64\x64\cl.exe @C:\Users\dorit\AppData\Local\Temp\nm45EB.tmp
cl : Command line warning D9002 : ignoring unknown option '/std:c++11'
src.cxx
Linking CXX executable cmTC_cce60.exe
	C:\opt\python27amd64\Lib\site-packages\cmake\data\bin\cmake.exe -E vs_link_exe --intdir=CMakeFiles\cmTC_cce60.dir --rc=C:\PROGRA~2\WI3CF2~1\10\bin\100183~1.0\x64\rc.exe --mt=C:\PROGRA~2\WI3CF2~1\10\bin\100183~1.0\x64\mt.exe --manifests  -- C:\PROGRA~2\MICROS~1\2019\COMMUN~1\VC\Tools\MSVC\1424~1.283\bin\Hostx64\x64\link.exe /nologo @CMakeFiles\cmTC_cce60.dir\objects1.rsp @C:\Users\dorit\AppData\Local\Temp\nm4957.tmp


Source file was:
int main() { return 0; }
Performing C++ SOURCE FILE Test COMPILER_SUPPORTS_CXX11 failed with the following output:
Change Dir: C:/kcl/robotics/ros/catkin_ws/build/CMakeFiles/CMakeTmp

Run Build Command(s):nmake /nologo cmTC_44d9a\fast && 	"C:\Program Files (x86)\Microsoft Visual Studio\2019\Community\VC\Tools\MSVC\14.24.28314\bin\HostX64\x64\nmake.exe" -f CMakeFiles\cmTC_44d9a.dir\build.make /nologo -L                  CMakeFiles\cmTC_44d9a.dir\build
Building CXX object CMakeFiles/cmTC_44d9a.dir/src.cxx.obj
	C:\PROGRA~2\MICROS~1\2019\COMMUN~1\VC\Tools\MSVC\1424~1.283\bin\Hostx64\x64\cl.exe @C:\Users\dorit\AppData\Local\Temp\nmE812.tmp
cl : Command line warning D9002 : ignoring unknown option '/std:c++11'
src.cxx
Linking CXX executable cmTC_44d9a.exe
	C:\opt\python27amd64\Lib\site-packages\cmake\data\bin\cmake.exe -E vs_link_exe --intdir=CMakeFiles\cmTC_44d9a.dir --rc=C:\PROGRA~2\WI3CF2~1\10\bin\100183~1.0\x64\rc.exe --mt=C:\PROGRA~2\WI3CF2~1\10\bin\100183~1.0\x64\mt.exe --manifests  -- C:\PROGRA~2\MICROS~1\2019\COMMUN~1\VC\Tools\MSVC\1424~1.283\bin\Hostx64\x64\link.exe /nologo @CMakeFiles\cmTC_44d9a.dir\objects1.rsp @C:\Users\dorit\AppData\Local\Temp\nmE98A.tmp


Source file was:
int main() { return 0; }
Performing C++ SOURCE FILE Test COMPILER_SUPPORTS_CXX11 failed with the following output:
Change Dir: C:/kcl/robotics/ros/catkin_ws/build/CMakeFiles/CMakeTmp

Run Build Command(s):nmake /nologo cmTC_09274\fast && 	"C:\Program Files (x86)\Microsoft Visual Studio\2019\Community\VC\Tools\MSVC\14.24.28314\bin\HostX64\x64\nmake.exe" -f CMakeFiles\cmTC_09274.dir\build.make /nologo -L                  CMakeFiles\cmTC_09274.dir\build
Building CXX object CMakeFiles/cmTC_09274.dir/src.cxx.obj
	C:\PROGRA~2\MICROS~1\2019\COMMUN~1\VC\Tools\MSVC\1424~1.283\bin\Hostx64\x64\cl.exe @C:\Users\dorit\AppData\Local\Temp\nmE21D.tmp
cl : Command line warning D9002 : ignoring unknown option '/std:c++11'
src.cxx
Linking CXX executable cmTC_09274.exe
	C:\opt\python27amd64\Lib\site-packages\cmake\data\bin\cmake.exe -E vs_link_exe --intdir=CMakeFiles\cmTC_09274.dir --rc=C:\PROGRA~2\WI3CF2~1\10\bin\100183~1.0\x64\rc.exe --mt=C:\PROGRA~2\WI3CF2~1\10\bin\100183~1.0\x64\mt.exe --manifests  -- C:\PROGRA~2\MICROS~1\2019\COMMUN~1\VC\Tools\MSVC\1424~1.283\bin\Hostx64\x64\link.exe /nologo @CMakeFiles\cmTC_09274.dir\objects1.rsp @C:\Users\dorit\AppData\Local\Temp\nmE3C4.tmp


Source file was:
int main() { return 0; }
Performing C++ SOURCE FILE Test COMPILER_SUPPORTS_CXX11 failed with the following output:
Change Dir: C:/kcl/robotics/ros/catkin_ws/build/CMakeFiles/CMakeTmp

Run Build Command(s):nmake /nologo cmTC_6666f\fast && 	"C:\Program Files (x86)\Microsoft Visual Studio\2019\Community\VC\Tools\MSVC\14.24.28314\bin\HostX64\x64\nmake.exe" -f CMakeFiles\cmTC_6666f.dir\build.make /nologo -L                  CMakeFiles\cmTC_6666f.dir\build
Building CXX object CMakeFiles/cmTC_6666f.dir/src.cxx.obj
	C:\PROGRA~2\MICROS~1\2019\COMMUN~1\VC\Tools\MSVC\1424~1.283\bin\Hostx64\x64\cl.exe @C:\Users\dorit\AppData\Local\Temp\nm35C6.tmp
cl : Command line warning D9002 : ignoring unknown option '/std:c++11'
src.cxx
Linking CXX executable cmTC_6666f.exe
	C:\opt\python27amd64\Lib\site-packages\cmake\data\bin\cmake.exe -E vs_link_exe --intdir=CMakeFiles\cmTC_6666f.dir --rc=C:\PROGRA~2\WI3CF2~1\10\bin\100183~1.0\x64\rc.exe --mt=C:\PROGRA~2\WI3CF2~1\10\bin\100183~1.0\x64\mt.exe --manifests  -- C:\PROGRA~2\MICROS~1\2019\COMMUN~1\VC\Tools\MSVC\1424~1.283\bin\Hostx64\x64\link.exe /nologo @CMakeFiles\cmTC_6666f.dir\objects1.rsp @C:\Users\dorit\AppData\Local\Temp\nm376D.tmp


Source file was:
int main() { return 0; }
Performing C++ SOURCE FILE Test COMPILER_SUPPORTS_CXX11 failed with the following output:
Change Dir: C:/kcl/robotics/ros/catkin_ws/build/CMakeFiles/CMakeTmp

Run Build Command(s):nmake /nologo cmTC_e6a95\fast && 	"C:\Program Files (x86)\Microsoft Visual Studio\2019\Community\VC\Tools\MSVC\14.24.28314\bin\HostX64\x64\nmake.exe" -f CMakeFiles\cmTC_e6a95.dir\build.make /nologo -L                  CMakeFiles\cmTC_e6a95.dir\build
Building CXX object CMakeFiles/cmTC_e6a95.dir/src.cxx.obj
	C:\PROGRA~2\MICROS~1\2019\COMMUN~1\VC\Tools\MSVC\1424~1.283\bin\Hostx64\x64\cl.exe @C:\Users\dorit\AppData\Local\Temp\nm329E.tmp
cl : Command line warning D9002 : ignoring unknown option '/std:c++11'
src.cxx
Linking CXX executable cmTC_e6a95.exe
	C:\opt\python27amd64\Lib\site-packages\cmake\data\bin\cmake.exe -E vs_link_exe --intdir=CMakeFiles\cmTC_e6a95.dir --rc=C:\PROGRA~2\WI3CF2~1\10\bin\100183~1.0\x64\rc.exe --mt=C:\PROGRA~2\WI3CF2~1\10\bin\100183~1.0\x64\mt.exe --manifests  -- C:\PROGRA~2\MICROS~1\2019\COMMUN~1\VC\Tools\MSVC\1424~1.283\bin\Hostx64\x64\link.exe /nologo @CMakeFiles\cmTC_e6a95.dir\objects1.rsp @C:\Users\dorit\AppData\Local\Temp\nm3454.tmp


Source file was:
int main() { return 0; }
Performing C++ SOURCE FILE Test COMPILER_SUPPORTS_CXX11 failed with the following output:
Change Dir: C:/kcl/robotics/ros/catkin_ws/build/CMakeFiles/CMakeTmp

Run Build Command(s):nmake /nologo cmTC_36261\fast && 	"C:\Program Files (x86)\Microsoft Visual Studio\2019\Community\VC\Tools\MSVC\14.24.28314\bin\HostX64\x64\nmake.exe" -f CMakeFiles\cmTC_36261.dir\build.make /nologo -L                  CMakeFiles\cmTC_36261.dir\build
Building CXX object CMakeFiles/cmTC_36261.dir/src.cxx.obj
	C:\PROGRA~2\MICROS~1\2019\COMMUN~1\VC\Tools\MSVC\1424~1.283\bin\Hostx64\x64\cl.exe @C:\Users\dorit\AppData\Local\Temp\nm4B51.tmp
cl : Command line warning D9002 : ignoring unknown option '/std:c++11'
src.cxx
Linking CXX executable cmTC_36261.exe
	C:\opt\python27amd64\Lib\site-packages\cmake\data\bin\cmake.exe -E vs_link_exe --intdir=CMakeFiles\cmTC_36261.dir --rc=C:\PROGRA~2\WI3CF2~1\10\bin\100183~1.0\x64\rc.exe --mt=C:\PROGRA~2\WI3CF2~1\10\bin\100183~1.0\x64\mt.exe --manifests  -- C:\PROGRA~2\MICROS~1\2019\COMMUN~1\VC\Tools\MSVC\1424~1.283\bin\Hostx64\x64\link.exe /nologo @CMakeFiles\cmTC_36261.dir\objects1.rsp @C:\Users\dorit\AppData\Local\Temp\nm4CE9.tmp


Source file was:
int main() { return 0; }
Performing C++ SOURCE FILE Test COMPILER_SUPPORTS_CXX11 failed with the following output:
Change Dir: C:/kcl/robotics/ros/catkin_ws/build/CMakeFiles/CMakeTmp

Run Build Command(s):nmake /nologo cmTC_54910\fast && 	"C:\Program Files (x86)\Microsoft Visual Studio\2019\Community\VC\Tools\MSVC\14.24.28314\bin\HostX64\x64\nmake.exe" -f CMakeFiles\cmTC_54910.dir\build.make /nologo -L                  CMakeFiles\cmTC_54910.dir\build
Building CXX object CMakeFiles/cmTC_54910.dir/src.cxx.obj
	C:\PROGRA~2\MICROS~1\2019\COMMUN~1\VC\Tools\MSVC\1424~1.283\bin\Hostx64\x64\cl.exe @C:\Users\dorit\AppData\Local\Temp\nmFC19.tmp
cl : Command line warning D9002 : ignoring unknown option '/std:c++11'
src.cxx
Linking CXX executable cmTC_54910.exe
	C:\opt\python27amd64\Lib\site-packages\cmake\data\bin\cmake.exe -E vs_link_exe --intdir=CMakeFiles\cmTC_54910.dir --rc=C:\PROGRA~2\WI3CF2~1\10\bin\100183~1.0\x64\rc.exe --mt=C:\PROGRA~2\WI3CF2~1\10\bin\100183~1.0\x64\mt.exe --manifests  -- C:\PROGRA~2\MICROS~1\2019\COMMUN~1\VC\Tools\MSVC\1424~1.283\bin\Hostx64\x64\link.exe /nologo @CMakeFiles\cmTC_54910.dir\objects1.rsp @C:\Users\dorit\AppData\Local\Temp\nmFDA1.tmp


Source file was:
int main() { return 0; }
Performing C++ SOURCE FILE Test COMPILER_SUPPORTS_CXX11 failed with the following output:
Change Dir: C:/kcl/robotics/ros/catkin_ws/build/CMakeFiles/CMakeTmp

Run Build Command(s):nmake /nologo cmTC_4f2b0\fast && 	"C:\Program Files (x86)\Microsoft Visual Studio\2019\Community\VC\Tools\MSVC\14.24.28314\bin\HostX64\x64\nmake.exe" -f CMakeFiles\cmTC_4f2b0.dir\build.make /nologo -L                  CMakeFiles\cmTC_4f2b0.dir\build
Building CXX object CMakeFiles/cmTC_4f2b0.dir/src.cxx.obj
	C:\PROGRA~2\MICROS~1\2019\COMMUN~1\VC\Tools\MSVC\1424~1.283\bin\Hostx64\x64\cl.exe @C:\Users\dorit\AppData\Local\Temp\nm26A2.tmp
cl : Command line warning D9002 : ignoring unknown option '/std:c++11'
src.cxx
Linking CXX executable cmTC_4f2b0.exe
	C:\opt\python27amd64\Lib\site-packages\cmake\data\bin\cmake.exe -E vs_link_exe --intdir=CMakeFiles\cmTC_4f2b0.dir --rc=C:\PROGRA~2\WI3CF2~1\10\bin\100183~1.0\x64\rc.exe --mt=C:\PROGRA~2\WI3CF2~1\10\bin\100183~1.0\x64\mt.exe --manifests  -- C:\PROGRA~2\MICROS~1\2019\COMMUN~1\VC\Tools\MSVC\1424~1.283\bin\Hostx64\x64\link.exe /nologo @CMakeFiles\cmTC_4f2b0.dir\objects1.rsp @C:\Users\dorit\AppData\Local\Temp\nm2868.tmp


Source file was:
int main() { return 0; }
Performing C++ SOURCE FILE Test COMPILER_SUPPORTS_CXX11 failed with the following output:
Change Dir: C:/kcl/robotics/ros/catkin_ws/build/CMakeFiles/CMakeTmp

Run Build Command(s):nmake /nologo cmTC_570e2\fast && 	"C:\Program Files (x86)\Microsoft Visual Studio\2019\Community\VC\Tools\MSVC\14.24.28314\bin\HostX64\x64\nmake.exe" -f CMakeFiles\cmTC_570e2.dir\build.make /nologo -L                  CMakeFiles\cmTC_570e2.dir\build
Building CXX object CMakeFiles/cmTC_570e2.dir/src.cxx.obj
	C:\PROGRA~2\MICROS~1\2019\COMMUN~1\VC\Tools\MSVC\1424~1.283\bin\Hostx64\x64\cl.exe @C:\Users\dorit\AppData\Local\Temp\nmBE2.tmp
cl : Command line warning D9002 : ignoring unknown option '/std:c++11'
src.cxx
Linking CXX executable cmTC_570e2.exe
	C:\opt\python27amd64\Lib\site-packages\cmake\data\bin\cmake.exe -E vs_link_exe --intdir=CMakeFiles\cmTC_570e2.dir --rc=C:\PROGRA~2\WI3CF2~1\10\bin\100183~1.0\x64\rc.exe --mt=C:\PROGRA~2\WI3CF2~1\10\bin\100183~1.0\x64\mt.exe --manifests  -- C:\PROGRA~2\MICROS~1\2019\COMMUN~1\VC\Tools\MSVC\1424~1.283\bin\Hostx64\x64\link.exe /nologo @CMakeFiles\cmTC_570e2.dir\objects1.rsp @C:\Users\dorit\AppData\Local\Temp\nmD69.tmp


Source file was:
int main() { return 0; }
Performing C++ SOURCE FILE Test COMPILER_SUPPORTS_CXX11 failed with the following output:
Change Dir: C:/kcl/robotics/ros/catkin_ws/build/CMakeFiles/CMakeTmp

Run Build Command(s):nmake /nologo cmTC_16439\fast && 	"C:\Program Files (x86)\Microsoft Visual Studio\2019\Community\VC\Tools\MSVC\14.24.28314\bin\HostX64\x64\nmake.exe" -f CMakeFiles\cmTC_16439.dir\build.make /nologo -L                  CMakeFiles\cmTC_16439.dir\build
Building CXX object CMakeFiles/cmTC_16439.dir/src.cxx.obj
	C:\PROGRA~2\MICROS~1\2019\COMMUN~1\VC\Tools\MSVC\1424~1.283\bin\Hostx64\x64\cl.exe @C:\Users\dorit\AppData\Local\Temp\nmB020.tmp
cl : Command line warning D9002 : ignoring unknown option '/std:c++11'
src.cxx
Linking CXX executable cmTC_16439.exe
	C:\opt\python27amd64\Lib\site-packages\cmake\data\bin\cmake.exe -E vs_link_exe --intdir=CMakeFiles\cmTC_16439.dir --rc=C:\PROGRA~2\WI3CF2~1\10\bin\100183~1.0\x64\rc.exe --mt=C:\PROGRA~2\WI3CF2~1\10\bin\100183~1.0\x64\mt.exe --manifests  -- C:\PROGRA~2\MICROS~1\2019\COMMUN~1\VC\Tools\MSVC\1424~1.283\bin\Hostx64\x64\link.exe /nologo @CMakeFiles\cmTC_16439.dir\objects1.rsp @C:\Users\dorit\AppData\Local\Temp\nmB1A8.tmp


Source file was:
int main() { return 0; }
Performing C++ SOURCE FILE Test COMPILER_SUPPORTS_CXX11 failed with the following output:
Change Dir: C:/kcl/robotics/ros/catkin_ws/build/CMakeFiles/CMakeTmp

Run Build Command(s):nmake /nologo cmTC_3c548\fast && 	"C:\Program Files (x86)\Microsoft Visual Studio\2019\Community\VC\Tools\MSVC\14.24.28314\bin\HostX64\x64\nmake.exe" -f CMakeFiles\cmTC_3c548.dir\build.make /nologo -L                  CMakeFiles\cmTC_3c548.dir\build
Building CXX object CMakeFiles/cmTC_3c548.dir/src.cxx.obj
	C:\PROGRA~2\MICROS~1\2019\COMMUN~1\VC\Tools\MSVC\1424~1.283\bin\Hostx64\x64\cl.exe @C:\Users\dorit\AppData\Local\Temp\nmFF6B.tmp
cl : Command line warning D9002 : ignoring unknown option '/std:c++11'
src.cxx
Linking CXX executable cmTC_3c548.exe
	C:\opt\python27amd64\Lib\site-packages\cmake\data\bin\cmake.exe -E vs_link_exe --intdir=CMakeFiles\cmTC_3c548.dir --rc=C:\PROGRA~2\WI3CF2~1\10\bin\100183~1.0\x64\rc.exe --mt=C:\PROGRA~2\WI3CF2~1\10\bin\100183~1.0\x64\mt.exe --manifests  -- C:\PROGRA~2\MICROS~1\2019\COMMUN~1\VC\Tools\MSVC\1424~1.283\bin\Hostx64\x64\link.exe /nologo @CMakeFiles\cmTC_3c548.dir\objects1.rsp @C:\Users\dorit\AppData\Local\Temp\nmF2.tmp


Source file was:
int main() { return 0; }
Performing C++ SOURCE FILE Test COMPILER_SUPPORTS_CXX11 failed with the following output:
Change Dir: C:/kcl/robotics/ros/catkin_ws/build/CMakeFiles/CMakeTmp

Run Build Command(s):nmake /nologo cmTC_5e444\fast && 	"C:\Program Files (x86)\Microsoft Visual Studio\2019\Community\VC\Tools\MSVC\14.24.28314\bin\HostX64\x64\nmake.exe" -f CMakeFiles\cmTC_5e444.dir\build.make /nologo -L                  CMakeFiles\cmTC_5e444.dir\build
Building CXX object CMakeFiles/cmTC_5e444.dir/src.cxx.obj
	C:\PROGRA~2\MICROS~1\2019\COMMUN~1\VC\Tools\MSVC\1424~1.283\bin\Hostx64\x64\cl.exe @C:\Users\dorit\AppData\Local\Temp\nm453C.tmp
cl : Command line warning D9002 : ignoring unknown option '/std:c++11'
src.cxx
Linking CXX executable cmTC_5e444.exe
	C:\opt\python27amd64\Lib\site-packages\cmake\data\bin\cmake.exe -E vs_link_exe --intdir=CMakeFiles\cmTC_5e444.dir --rc=C:\PROGRA~2\WI3CF2~1\10\bin\100183~1.0\x64\rc.exe --mt=C:\PROGRA~2\WI3CF2~1\10\bin\100183~1.0\x64\mt.exe --manifests  -- C:\PROGRA~2\MICROS~1\2019\COMMUN~1\VC\Tools\MSVC\1424~1.283\bin\Hostx64\x64\link.exe /nologo @CMakeFiles\cmTC_5e444.dir\objects1.rsp @C:\Users\dorit\AppData\Local\Temp\nm46C3.tmp


Source file was:
int main() { return 0; }
Performing C++ SOURCE FILE Test COMPILER_SUPPORTS_CXX11 failed with the following output:
Change Dir: C:/kcl/robotics/ros/catkin_ws/build/CMakeFiles/CMakeTmp

Run Build Command(s):nmake /nologo cmTC_e1a6b\fast && 	"C:\Program Files (x86)\Microsoft Visual Studio\2019\Community\VC\Tools\MSVC\14.24.28314\bin\HostX64\x64\nmake.exe" -f CMakeFiles\cmTC_e1a6b.dir\build.make /nologo -L                  CMakeFiles\cmTC_e1a6b.dir\build
Building CXX object CMakeFiles/cmTC_e1a6b.dir/src.cxx.obj
	C:\PROGRA~2\MICROS~1\2019\COMMUN~1\VC\Tools\MSVC\1424~1.283\bin\Hostx64\x64\cl.exe @C:\Users\dorit\AppData\Local\Temp\nmF359.tmp
cl : Command line warning D9002 : ignoring unknown option '/std:c++11'
src.cxx
Linking CXX executable cmTC_e1a6b.exe
	C:\opt\python27amd64\Lib\site-packages\cmake\data\bin\cmake.exe -E vs_link_exe --intdir=CMakeFiles\cmTC_e1a6b.dir --rc=C:\PROGRA~2\WI3CF2~1\10\bin\100183~1.0\x64\rc.exe --mt=C:\PROGRA~2\WI3CF2~1\10\bin\100183~1.0\x64\mt.exe --manifests  -- C:\PROGRA~2\MICROS~1\2019\COMMUN~1\VC\Tools\MSVC\1424~1.283\bin\Hostx64\x64\link.exe /nologo @CMakeFiles\cmTC_e1a6b.dir\objects1.rsp @C:\Users\dorit\AppData\Local\Temp\nmF500.tmp


Source file was:
int main() { return 0; }
Performing C++ SOURCE FILE Test COMPILER_SUPPORTS_CXX11 failed with the following output:
Change Dir: C:/kcl/robotics/ros/catkin_ws/build/CMakeFiles/CMakeTmp

Run Build Command(s):nmake /nologo cmTC_b9f11\fast && 	"C:\Program Files (x86)\Microsoft Visual Studio\2019\Community\VC\Tools\MSVC\14.24.28314\bin\HostX64\x64\nmake.exe" -f CMakeFiles\cmTC_b9f11.dir\build.make /nologo -L                  CMakeFiles\cmTC_b9f11.dir\build
Building CXX object CMakeFiles/cmTC_b9f11.dir/src.cxx.obj
	C:\PROGRA~2\MICROS~1\2019\COMMUN~1\VC\Tools\MSVC\1424~1.283\bin\Hostx64\x64\cl.exe @C:\Users\dorit\AppData\Local\Temp\nmA927.tmp
cl : Command line warning D9002 : ignoring unknown option '/std:c++11'
src.cxx
Linking CXX executable cmTC_b9f11.exe
	C:\opt\python27amd64\Lib\site-packages\cmake\data\bin\cmake.exe -E vs_link_exe --intdir=CMakeFiles\cmTC_b9f11.dir --rc=C:\PROGRA~2\WI3CF2~1\10\bin\100183~1.0\x64\rc.exe --mt=C:\PROGRA~2\WI3CF2~1\10\bin\100183~1.0\x64\mt.exe --manifests  -- C:\PROGRA~2\MICROS~1\2019\COMMUN~1\VC\Tools\MSVC\1424~1.283\bin\Hostx64\x64\link.exe /nologo @CMakeFiles\cmTC_b9f11.dir\objects1.rsp @C:\Users\dorit\AppData\Local\Temp\nmAA9F.tmp


Source file was:
int main() { return 0; }
Performing C++ SOURCE FILE Test COMPILER_SUPPORTS_CXX11 failed with the following output:
Change Dir: C:/kcl/robotics/ros/catkin_ws/build/CMakeFiles/CMakeTmp

Run Build Command(s):nmake /nologo cmTC_f58f3\fast && 	"C:\Program Files (x86)\Microsoft Visual Studio\2019\Community\VC\Tools\MSVC\14.24.28314\bin\HostX64\x64\nmake.exe" -f CMakeFiles\cmTC_f58f3.dir\build.make /nologo -L                  CMakeFiles\cmTC_f58f3.dir\build
Building CXX object CMakeFiles/cmTC_f58f3.dir/src.cxx.obj
	C:\PROGRA~2\MICROS~1\2019\COMMUN~1\VC\Tools\MSVC\1424~1.283\bin\Hostx64\x64\cl.exe @C:\Users\dorit\AppData\Local\Temp\nmE466.tmp
cl : Command line warning D9002 : ignoring unknown option '/std:c++11'
src.cxx
Linking CXX executable cmTC_f58f3.exe
	C:\opt\python27amd64\Lib\site-packages\cmake\data\bin\cmake.exe -E vs_link_exe --intdir=CMakeFiles\cmTC_f58f3.dir --rc=C:\PROGRA~2\WI3CF2~1\10\bin\100183~1.0\x64\rc.exe --mt=C:\PROGRA~2\WI3CF2~1\10\bin\100183~1.0\x64\mt.exe --manifests  -- C:\PROGRA~2\MICROS~1\2019\COMMUN~1\VC\Tools\MSVC\1424~1.283\bin\Hostx64\x64\link.exe /nologo @CMakeFiles\cmTC_f58f3.dir\objects1.rsp @C:\Users\dorit\AppData\Local\Temp\nmE5FE.tmp


Source file was:
int main() { return 0; }
Performing C++ SOURCE FILE Test COMPILER_SUPPORTS_CXX11 failed with the following output:
Change Dir: C:/kcl/robotics/ros/catkin_ws/build/CMakeFiles/CMakeTmp

Run Build Command(s):nmake /nologo cmTC_aa9ef\fast && 	"C:\Program Files (x86)\Microsoft Visual Studio\2019\Community\VC\Tools\MSVC\14.24.28314\bin\HostX64\x64\nmake.exe" -f CMakeFiles\cmTC_aa9ef.dir\build.make /nologo -L                  CMakeFiles\cmTC_aa9ef.dir\build
Building CXX object CMakeFiles/cmTC_aa9ef.dir/src.cxx.obj
	C:\PROGRA~2\MICROS~1\2019\COMMUN~1\VC\Tools\MSVC\1424~1.283\bin\Hostx64\x64\cl.exe @C:\Users\dorit\AppData\Local\Temp\nm4F46.tmp
cl : Command line warning D9002 : ignoring unknown option '/std:c++11'
src.cxx
Linking CXX executable cmTC_aa9ef.exe
	C:\opt\python27amd64\Lib\site-packages\cmake\data\bin\cmake.exe -E vs_link_exe --intdir=CMakeFiles\cmTC_aa9ef.dir --rc=C:\PROGRA~2\WI3CF2~1\10\bin\100183~1.0\x64\rc.exe --mt=C:\PROGRA~2\WI3CF2~1\10\bin\100183~1.0\x64\mt.exe --manifests  -- C:\PROGRA~2\MICROS~1\2019\COMMUN~1\VC\Tools\MSVC\1424~1.283\bin\Hostx64\x64\link.exe /nologo @CMakeFiles\cmTC_aa9ef.dir\objects1.rsp @C:\Users\dorit\AppData\Local\Temp\nm50DD.tmp


Source file was:
int main() { return 0; }
Performing C++ SOURCE FILE Test COMPILER_SUPPORTS_CXX11 failed with the following output:
Change Dir: C:/kcl/robotics/ros/catkin_ws/build/CMakeFiles/CMakeTmp

Run Build Command(s):nmake /nologo cmTC_385db\fast && 	"C:\Program Files (x86)\Microsoft Visual Studio\2019\Community\VC\Tools\MSVC\14.24.28314\bin\HostX64\x64\nmake.exe" -f CMakeFiles\cmTC_385db.dir\build.make /nologo -L                  CMakeFiles\cmTC_385db.dir\build
Building CXX object CMakeFiles/cmTC_385db.dir/src.cxx.obj
	C:\PROGRA~2\MICROS~1\2019\COMMUN~1\VC\Tools\MSVC\1424~1.283\bin\Hostx64\x64\cl.exe @C:\Users\dorit\AppData\Local\Temp\nmF70F.tmp
cl : Command line warning D9002 : ignoring unknown option '/std:c++11'
src.cxx
Linking CXX executable cmTC_385db.exe
	C:\opt\python27amd64\Lib\site-packages\cmake\data\bin\cmake.exe -E vs_link_exe --intdir=CMakeFiles\cmTC_385db.dir --rc=C:\PROGRA~2\WI3CF2~1\10\bin\100183~1.0\x64\rc.exe --mt=C:\PROGRA~2\WI3CF2~1\10\bin\100183~1.0\x64\mt.exe --manifests  -- C:\PROGRA~2\MICROS~1\2019\COMMUN~1\VC\Tools\MSVC\1424~1.283\bin\Hostx64\x64\link.exe /nologo @CMakeFiles\cmTC_385db.dir\objects1.rsp @C:\Users\dorit\AppData\Local\Temp\nmF896.tmp


Source file was:
int main() { return 0; }
